{"/Users/dcoric/Projects/debc/locationtimezone/src/app.js": {"path":"/Users/dcoric/Projects/debc/locationtimezone/src/app.js","statementMap":{"0":{"start":{"line":1,"column":0},"end":{"line":1,"column":27}},"1":{"start":{"line":2,"column":16},"end":{"line":2,"column":34}},"2":{"start":{"line":3,"column":15},"end":{"line":3,"column":32}},"3":{"start":{"line":4,"column":18},"end":{"line":4,"column":47}},"4":{"start":{"line":5,"column":21},"end":{"line":5,"column":47}},"5":{"start":{"line":6,"column":13},"end":{"line":6,"column":28}},"6":{"start":{"line":7,"column":18},"end":{"line":7,"column":42}},"7":{"start":{"line":8,"column":15},"end":{"line":8,"column":41}},"8":{"start":{"line":9,"column":66},"end":{"line":9,"column":102}},"9":{"start":{"line":10,"column":12},"end":{"line":10,"column":21}},"10":{"start":{"line":11,"column":13},"end":{"line":11,"column":37}},"11":{"start":{"line":15,"column":0},"end":{"line":15,"column":18}},"12":{"start":{"line":18,"column":16},"end":{"line":27,"column":2}},"13":{"start":{"line":29,"column":0},"end":{"line":29,"column":17}},"14":{"start":{"line":32,"column":20},"end":{"line":35,"column":1}},"15":{"start":{"line":37,"column":0},"end":{"line":37,"column":27}},"16":{"start":{"line":38,"column":0},"end":{"line":38,"column":44}},"17":{"start":{"line":39,"column":0},"end":{"line":39,"column":22}},"18":{"start":{"line":42,"column":0},"end":{"line":42,"column":15}},"19":{"start":{"line":45,"column":0},"end":{"line":45,"column":32}},"20":{"start":{"line":46,"column":0},"end":{"line":46,"column":25}},"21":{"start":{"line":47,"column":0},"end":{"line":47,"column":22}},"22":{"start":{"line":49,"column":0},"end":{"line":54,"column":3}},"23":{"start":{"line":50,"column":2},"end":{"line":53,"column":5}}},"fnMap":{"0":{"name":"(anonymous_0)","decl":{"start":{"line":49,"column":17},"end":{"line":49,"column":18}},"loc":{"start":{"line":49,"column":23},"end":{"line":54,"column":1}},"line":49}},"branchMap":{"0":{"loc":{"start":{"line":11,"column":13},"end":{"line":11,"column":37}},"type":"binary-expr","locations":[{"start":{"line":11,"column":13},"end":{"line":11,"column":29}},{"start":{"line":11,"column":33},"end":{"line":11,"column":37}}],"line":11},"1":{"loc":{"start":{"line":19,"column":12},"end":{"line":19,"column":72}},"type":"binary-expr","locations":[{"start":{"line":19,"column":12},"end":{"line":19,"column":54}},{"start":{"line":19,"column":58},"end":{"line":19,"column":72}}],"line":19},"2":{"loc":{"start":{"line":20,"column":7},"end":{"line":20,"column":59}},"type":"binary-expr","locations":[{"start":{"line":20,"column":7},"end":{"line":20,"column":52}},{"start":{"line":20,"column":56},"end":{"line":20,"column":59}}],"line":20},"3":{"loc":{"start":{"line":23,"column":27},"end":{"line":23,"column":87}},"type":"binary-expr","locations":[{"start":{"line":23,"column":27},"end":{"line":23,"column":69}},{"start":{"line":23,"column":73},"end":{"line":23,"column":87}}],"line":23},"4":{"loc":{"start":{"line":33,"column":10},"end":{"line":33,"column":40}},"type":"binary-expr","locations":[{"start":{"line":33,"column":10},"end":{"line":33,"column":33}},{"start":{"line":33,"column":37},"end":{"line":33,"column":40}}],"line":33},"5":{"loc":{"start":{"line":52,"column":17},"end":{"line":52,"column":54}},"type":"binary-expr","locations":[{"start":{"line":52,"column":17},"end":{"line":52,"column":37}},{"start":{"line":52,"column":41},"end":{"line":52,"column":54}}],"line":52}},"s":{"0":0,"1":0,"2":0,"3":0,"4":0,"5":0,"6":0,"7":0,"8":0,"9":0,"10":0,"11":0,"12":0,"13":0,"14":0,"15":0,"16":0,"17":0,"18":0,"19":0,"20":0,"21":0,"22":0,"23":0},"f":{"0":0},"b":{"0":[0,0],"1":[0,0],"2":[0,0],"3":[0,0],"4":[0,0],"5":[0,0]}}
,"/Users/dcoric/Projects/debc/locationtimezone/src/ip-processing.js": {"path":"/Users/dcoric/Projects/debc/locationtimezone/src/ip-processing.js","statementMap":{"0":{"start":{"line":1,"column":14},"end":{"line":1,"column":35}},"1":{"start":{"line":3,"column":0},"end":{"line":32,"column":2}},"2":{"start":{"line":4,"column":20},"end":{"line":19,"column":3}},"3":{"start":{"line":8,"column":4},"end":{"line":10,"column":5}},"4":{"start":{"line":9,"column":6},"end":{"line":9,"column":38}},"5":{"start":{"line":11,"column":23},"end":{"line":11,"column":39}},"6":{"start":{"line":12,"column":4},"end":{"line":14,"column":5}},"7":{"start":{"line":13,"column":6},"end":{"line":13,"column":56}},"8":{"start":{"line":15,"column":4},"end":{"line":17,"column":5}},"9":{"start":{"line":16,"column":6},"end":{"line":16,"column":80}},"10":{"start":{"line":18,"column":4},"end":{"line":18,"column":22}},"11":{"start":{"line":21,"column":30},"end":{"line":26,"column":3}},"12":{"start":{"line":22,"column":26},"end":{"line":22,"column":85}},"13":{"start":{"line":23,"column":15},"end":{"line":23,"column":56}},"14":{"start":{"line":24,"column":4},"end":{"line":24,"column":31}},"15":{"start":{"line":25,"column":4},"end":{"line":25,"column":11}},"16":{"start":{"line":28,"column":2},"end":{"line":31,"column":4}}},"fnMap":{"0":{"name":"(anonymous_0)","decl":{"start":{"line":3,"column":17},"end":{"line":3,"column":18}},"loc":{"start":{"line":3,"column":29},"end":{"line":32,"column":1}},"line":3},"1":{"name":"(anonymous_1)","decl":{"start":{"line":4,"column":20},"end":{"line":4,"column":21}},"loc":{"start":{"line":4,"column":34},"end":{"line":19,"column":3}},"line":4},"2":{"name":"(anonymous_2)","decl":{"start":{"line":21,"column":30},"end":{"line":21,"column":31}},"loc":{"start":{"line":21,"column":56},"end":{"line":26,"column":3}},"line":21}},"branchMap":{"0":{"loc":{"start":{"line":8,"column":4},"end":{"line":10,"column":5}},"type":"if","locations":[{"start":{"line":8,"column":4},"end":{"line":10,"column":5}},{"start":{},"end":{}}],"line":8},"1":{"loc":{"start":{"line":12,"column":4},"end":{"line":14,"column":5}},"type":"if","locations":[{"start":{"line":12,"column":4},"end":{"line":14,"column":5}},{"start":{},"end":{}}],"line":12},"2":{"loc":{"start":{"line":12,"column":9},"end":{"line":12,"column":43}},"type":"binary-expr","locations":[{"start":{"line":12,"column":9},"end":{"line":12,"column":27}},{"start":{"line":12,"column":31},"end":{"line":12,"column":43}}],"line":12},"3":{"loc":{"start":{"line":15,"column":4},"end":{"line":17,"column":5}},"type":"if","locations":[{"start":{"line":15,"column":4},"end":{"line":17,"column":5}},{"start":{},"end":{}}],"line":15},"4":{"loc":{"start":{"line":22,"column":27},"end":{"line":22,"column":63}},"type":"binary-expr","locations":[{"start":{"line":22,"column":27},"end":{"line":22,"column":57}},{"start":{"line":22,"column":61},"end":{"line":22,"column":63}}],"line":22},"5":{"loc":{"start":{"line":23,"column":15},"end":{"line":23,"column":56}},"type":"binary-expr","locations":[{"start":{"line":23,"column":15},"end":{"line":23,"column":28}},{"start":{"line":23,"column":32},"end":{"line":23,"column":56}}],"line":23}},"s":{"0":2,"1":2,"2":11,"3":10,"4":1,"5":10,"6":10,"7":4,"8":6,"9":1,"10":5,"11":11,"12":2,"13":2,"14":2,"15":2,"16":11},"f":{"0":11,"1":10,"2":2},"b":{"0":[1,9],"1":[4,6],"2":[10,7],"3":[1,5],"4":[2,1],"5":[2,1]},"_coverageSchema":"1a1c01bbd47fc00a2c39e90264f33305004495a9","hash":"9f6ca76e08c2337bf8957dab21ab839b954e3d16"}
,"/Users/dcoric/Projects/debc/locationtimezone/src/helper/objectManipulation.js": {"path":"/Users/dcoric/Projects/debc/locationtimezone/src/helper/objectManipulation.js","statementMap":{"0":{"start":{"line":1,"column":0},"end":{"line":23,"column":2}},"1":{"start":{"line":3,"column":4},"end":{"line":5,"column":5}},"2":{"start":{"line":4,"column":6},"end":{"line":4,"column":37}},"3":{"start":{"line":7,"column":4},"end":{"line":9,"column":5}},"4":{"start":{"line":8,"column":6},"end":{"line":8,"column":48}},"5":{"start":{"line":11,"column":4},"end":{"line":21,"column":6}}},"fnMap":{"0":{"name":"(anonymous_0)","decl":{"start":{"line":2,"column":16},"end":{"line":2,"column":17}},"loc":{"start":{"line":2,"column":32},"end":{"line":22,"column":3}},"line":2}},"branchMap":{"0":{"loc":{"start":{"line":3,"column":4},"end":{"line":5,"column":5}},"type":"if","locations":[{"start":{"line":3,"column":4},"end":{"line":5,"column":5}},{"start":{},"end":{}}],"line":3},"1":{"loc":{"start":{"line":7,"column":4},"end":{"line":9,"column":5}},"type":"if","locations":[{"start":{"line":7,"column":4},"end":{"line":9,"column":5}},{"start":{},"end":{}}],"line":7},"2":{"loc":{"start":{"line":7,"column":8},"end":{"line":7,"column":42}},"type":"binary-expr","locations":[{"start":{"line":7,"column":8},"end":{"line":7,"column":18}},{"start":{"line":7,"column":22},"end":{"line":7,"column":42}}],"line":7}},"s":{"0":1,"1":0,"2":0,"3":0,"4":0,"5":0},"f":{"0":0},"b":{"0":[0,0],"1":[0,0],"2":[0,0]},"_coverageSchema":"1a1c01bbd47fc00a2c39e90264f33305004495a9","hash":"5aba4a1fe7015d17a9fffa551706a5812f9abf30"}
,"/Users/dcoric/Projects/debc/locationtimezone/src/middleware/errorHandler.js": {"path":"/Users/dcoric/Projects/debc/locationtimezone/src/middleware/errorHandler.js","statementMap":{"0":{"start":{"line":1,"column":15},"end":{"line":1,"column":42}},"1":{"start":{"line":6,"column":20},"end":{"line":19,"column":1}},"2":{"start":{"line":7,"column":20},"end":{"line":7,"column":44}},"3":{"start":{"line":8,"column":20},"end":{"line":8,"column":70}},"4":{"start":{"line":10,"column":2},"end":{"line":18,"column":4}},"5":{"start":{"line":25,"column":21},"end":{"line":59,"column":1}},"6":{"start":{"line":27,"column":17},"end":{"line":27,"column":52}},"7":{"start":{"line":30,"column":23},"end":{"line":41,"column":3}},"8":{"start":{"line":43,"column":2},"end":{"line":47,"column":3}},"9":{"start":{"line":44,"column":4},"end":{"line":44,"column":56}},"10":{"start":{"line":46,"column":4},"end":{"line":46,"column":55}},"11":{"start":{"line":50,"column":24},"end":{"line":50,"column":62}},"12":{"start":{"line":51,"column":24},"end":{"line":51,"column":45}},"13":{"start":{"line":53,"column":2},"end":{"line":56,"column":3}},"14":{"start":{"line":54,"column":4},"end":{"line":54,"column":58}},"15":{"start":{"line":55,"column":4},"end":{"line":55,"column":37}},"16":{"start":{"line":58,"column":2},"end":{"line":58,"column":41}},"17":{"start":{"line":64,"column":24},"end":{"line":68,"column":1}},"18":{"start":{"line":65,"column":16},"end":{"line":65,"column":70}},"19":{"start":{"line":66,"column":2},"end":{"line":66,"column":21}},"20":{"start":{"line":67,"column":2},"end":{"line":67,"column":14}},"21":{"start":{"line":74,"column":21},"end":{"line":78,"column":1}},"22":{"start":{"line":75,"column":2},"end":{"line":77,"column":4}},"23":{"start":{"line":76,"column":4},"end":{"line":76,"column":52}},"24":{"start":{"line":83,"column":31},"end":{"line":95,"column":1}},"25":{"start":{"line":84,"column":2},"end":{"line":93,"column":3}},"26":{"start":{"line":85,"column":18},"end":{"line":85,"column":47}},"27":{"start":{"line":86,"column":4},"end":{"line":86,"column":23}},"28":{"start":{"line":87,"column":4},"end":{"line":90,"column":8}},"29":{"start":{"line":87,"column":47},"end":{"line":90,"column":5}},"30":{"start":{"line":92,"column":4},"end":{"line":92,"column":23}},"31":{"start":{"line":94,"column":2},"end":{"line":94,"column":12}},"32":{"start":{"line":97,"column":0},"end":{"line":103,"column":2}}},"fnMap":{"0":{"name":"(anonymous_0)","decl":{"start":{"line":6,"column":20},"end":{"line":6,"column":21}},"loc":{"start":{"line":6,"column":36},"end":{"line":19,"column":1}},"line":6},"1":{"name":"(anonymous_1)","decl":{"start":{"line":25,"column":21},"end":{"line":25,"column":22}},"loc":{"start":{"line":25,"column":46},"end":{"line":59,"column":1}},"line":25},"2":{"name":"(anonymous_2)","decl":{"start":{"line":64,"column":24},"end":{"line":64,"column":25}},"loc":{"start":{"line":64,"column":44},"end":{"line":68,"column":1}},"line":64},"3":{"name":"(anonymous_3)","decl":{"start":{"line":74,"column":21},"end":{"line":74,"column":22}},"loc":{"start":{"line":74,"column":29},"end":{"line":78,"column":1}},"line":74},"4":{"name":"(anonymous_4)","decl":{"start":{"line":75,"column":9},"end":{"line":75,"column":10}},"loc":{"start":{"line":75,"column":29},"end":{"line":77,"column":3}},"line":75},"5":{"name":"(anonymous_5)","decl":{"start":{"line":83,"column":31},"end":{"line":83,"column":32}},"loc":{"start":{"line":83,"column":56},"end":{"line":95,"column":1}},"line":83},"6":{"name":"(anonymous_6)","decl":{"start":{"line":87,"column":36},"end":{"line":87,"column":37}},"loc":{"start":{"line":87,"column":47},"end":{"line":90,"column":5}},"line":87}},"branchMap":{"0":{"loc":{"start":{"line":8,"column":20},"end":{"line":8,"column":70}},"type":"binary-expr","locations":[{"start":{"line":8,"column":20},"end":{"line":8,"column":26}},{"start":{"line":8,"column":30},"end":{"line":8,"column":57}},{"start":{"line":8,"column":61},"end":{"line":8,"column":70}}],"line":8},"1":{"loc":{"start":{"line":12,"column":15},"end":{"line":12,"column":55}},"type":"binary-expr","locations":[{"start":{"line":12,"column":15},"end":{"line":12,"column":28}},{"start":{"line":12,"column":32},"end":{"line":12,"column":55}}],"line":12},"2":{"loc":{"start":{"line":13,"column":14},"end":{"line":13,"column":53}},"type":"binary-expr","locations":[{"start":{"line":13,"column":14},"end":{"line":13,"column":26}},{"start":{"line":13,"column":30},"end":{"line":13,"column":46}},{"start":{"line":13,"column":50},"end":{"line":13,"column":53}}],"line":13},"3":{"loc":{"start":{"line":27,"column":17},"end":{"line":27,"column":52}},"type":"binary-expr","locations":[{"start":{"line":27,"column":17},"end":{"line":27,"column":27}},{"start":{"line":27,"column":31},"end":{"line":27,"column":45}},{"start":{"line":27,"column":49},"end":{"line":27,"column":52}}],"line":27},"4":{"loc":{"start":{"line":35,"column":8},"end":{"line":35,"column":46}},"type":"binary-expr","locations":[{"start":{"line":35,"column":8},"end":{"line":35,"column":14}},{"start":{"line":35,"column":18},"end":{"line":35,"column":46}}],"line":35},"5":{"loc":{"start":{"line":37,"column":15},"end":{"line":37,"column":52}},"type":"binary-expr","locations":[{"start":{"line":37,"column":15},"end":{"line":37,"column":21}},{"start":{"line":37,"column":25},"end":{"line":37,"column":52}}],"line":37},"6":{"loc":{"start":{"line":43,"column":2},"end":{"line":47,"column":3}},"type":"if","locations":[{"start":{"line":43,"column":2},"end":{"line":47,"column":3}},{"start":{"line":45,"column":9},"end":{"line":47,"column":3}}],"line":43},"7":{"loc":{"start":{"line":53,"column":2},"end":{"line":56,"column":3}},"type":"if","locations":[{"start":{"line":53,"column":2},"end":{"line":56,"column":3}},{"start":{},"end":{}}],"line":53},"8":{"loc":{"start":{"line":53,"column":6},"end":{"line":53,"column":37}},"type":"binary-expr","locations":[{"start":{"line":53,"column":6},"end":{"line":53,"column":20}},{"start":{"line":53,"column":24},"end":{"line":53,"column":37}}],"line":53},"9":{"loc":{"start":{"line":84,"column":2},"end":{"line":93,"column":3}},"type":"if","locations":[{"start":{"line":84,"column":2},"end":{"line":93,"column":3}},{"start":{},"end":{}}],"line":84}},"s":{"0":1,"1":1,"2":0,"3":0,"4":0,"5":1,"6":0,"7":0,"8":0,"9":0,"10":0,"11":0,"12":0,"13":0,"14":0,"15":0,"16":0,"17":1,"18":0,"19":0,"20":0,"21":1,"22":0,"23":0,"24":1,"25":0,"26":0,"27":0,"28":0,"29":0,"30":0,"31":0,"32":1},"f":{"0":0,"1":0,"2":0,"3":0,"4":0,"5":0,"6":0},"b":{"0":[0,0,0],"1":[0,0],"2":[0,0,0],"3":[0,0,0],"4":[0,0],"5":[0,0],"6":[0,0],"7":[0,0],"8":[0,0],"9":[0,0]},"_coverageSchema":"1a1c01bbd47fc00a2c39e90264f33305004495a9","hash":"41588c9ee8e298a6780f6e2eda617e4e918de69a"}
,"/Users/dcoric/Projects/debc/locationtimezone/src/middleware/validation.js": {"path":"/Users/dcoric/Projects/debc/locationtimezone/src/middleware/validation.js","statementMap":{"0":{"start":{"line":1,"column":12},"end":{"line":1,"column":26}},"1":{"start":{"line":2,"column":15},"end":{"line":2,"column":42}},"2":{"start":{"line":5,"column":17},"end":{"line":8,"column":13}},"3":{"start":{"line":11,"column":24},"end":{"line":32,"column":1}},"4":{"start":{"line":12,"column":17},"end":{"line":12,"column":27}},"5":{"start":{"line":14,"column":20},"end":{"line":14,"column":41}},"6":{"start":{"line":16,"column":2},"end":{"line":29,"column":3}},"7":{"start":{"line":17,"column":28},"end":{"line":17,"column":66}},"8":{"start":{"line":18,"column":4},"end":{"line":18,"column":33}},"9":{"start":{"line":19,"column":4},"end":{"line":19,"column":33}},"10":{"start":{"line":20,"column":4},"end":{"line":20,"column":44}},"11":{"start":{"line":22,"column":4},"end":{"line":26,"column":7}},"12":{"start":{"line":28,"column":4},"end":{"line":28,"column":33}},"13":{"start":{"line":31,"column":2},"end":{"line":31,"column":9}},"14":{"start":{"line":35,"column":25},"end":{"line":55,"column":1}},"15":{"start":{"line":36,"column":13},"end":{"line":36,"column":75}},"16":{"start":{"line":38,"column":2},"end":{"line":52,"column":3}},"17":{"start":{"line":40,"column":20},"end":{"line":40,"column":57}},"18":{"start":{"line":42,"column":22},"end":{"line":42,"column":48}},"19":{"start":{"line":44,"column":4},"end":{"line":51,"column":5}},"20":{"start":{"line":45,"column":6},"end":{"line":49,"column":9}},"21":{"start":{"line":54,"column":2},"end":{"line":54,"column":9}},"22":{"start":{"line":57,"column":0},"end":{"line":60,"column":2}}},"fnMap":{"0":{"name":"(anonymous_0)","decl":{"start":{"line":11,"column":24},"end":{"line":11,"column":25}},"loc":{"start":{"line":11,"column":44},"end":{"line":32,"column":1}},"line":11},"1":{"name":"(anonymous_1)","decl":{"start":{"line":35,"column":25},"end":{"line":35,"column":26}},"loc":{"start":{"line":35,"column":45},"end":{"line":55,"column":1}},"line":35}},"branchMap":{"0":{"loc":{"start":{"line":16,"column":2},"end":{"line":29,"column":3}},"type":"if","locations":[{"start":{"line":16,"column":2},"end":{"line":29,"column":3}},{"start":{},"end":{}}],"line":16},"1":{"loc":{"start":{"line":36,"column":13},"end":{"line":36,"column":75}},"type":"binary-expr","locations":[{"start":{"line":36,"column":13},"end":{"line":36,"column":43}},{"start":{"line":36,"column":47},"end":{"line":36,"column":75}}],"line":36},"2":{"loc":{"start":{"line":38,"column":2},"end":{"line":52,"column":3}},"type":"if","locations":[{"start":{"line":38,"column":2},"end":{"line":52,"column":3}},{"start":{},"end":{}}],"line":38},"3":{"loc":{"start":{"line":44,"column":4},"end":{"line":51,"column":5}},"type":"if","locations":[{"start":{"line":44,"column":4},"end":{"line":51,"column":5}},{"start":{},"end":{}}],"line":44}},"s":{"0":2,"1":2,"2":2,"3":2,"4":5,"5":5,"6":5,"7":3,"8":3,"9":3,"10":3,"11":3,"12":3,"13":2,"14":2,"15":4,"16":4,"17":4,"18":4,"19":4,"20":1,"21":4,"22":2},"f":{"0":5,"1":4},"b":{"0":[3,2],"1":[4,1],"2":[4,0],"3":[1,3]},"_coverageSchema":"1a1c01bbd47fc00a2c39e90264f33305004495a9","hash":"1aa86ea29da54f0f8df93d31bd3b4e0902b912a8"}
,"/Users/dcoric/Projects/debc/locationtimezone/src/routes/root.js": {"path":"/Users/dcoric/Projects/debc/locationtimezone/src/routes/root.js","statementMap":{"0":{"start":{"line":1,"column":16},"end":{"line":1,"column":33}},"1":{"start":{"line":2,"column":21},"end":{"line":2,"column":48}},"2":{"start":{"line":3,"column":49},"end":{"line":3,"column":68}},"3":{"start":{"line":4,"column":25},"end":{"line":4,"column":64}},"4":{"start":{"line":5,"column":46},"end":{"line":5,"column":81}},"5":{"start":{"line":6,"column":15},"end":{"line":6,"column":42}},"6":{"start":{"line":8,"column":0},"end":{"line":91,"column":2}},"7":{"start":{"line":9,"column":2},"end":{"line":27,"column":5}},"8":{"start":{"line":10,"column":15},"end":{"line":10,"column":50}},"9":{"start":{"line":11,"column":4},"end":{"line":26,"column":5}},"10":{"start":{"line":12,"column":21},"end":{"line":12,"column":31}},"11":{"start":{"line":13,"column":27},"end":{"line":13,"column":51}},"12":{"start":{"line":14,"column":6},"end":{"line":19,"column":9}},"13":{"start":{"line":20,"column":6},"end":{"line":20,"column":69}},"14":{"start":{"line":22,"column":20},"end":{"line":22,"column":72}},"15":{"start":{"line":23,"column":6},"end":{"line":23,"column":25}},"16":{"start":{"line":24,"column":6},"end":{"line":24,"column":38}},"17":{"start":{"line":25,"column":6},"end":{"line":25,"column":18}},"18":{"start":{"line":29,"column":2},"end":{"line":55,"column":5}},"19":{"start":{"line":30,"column":13},"end":{"line":30,"column":34}},"20":{"start":{"line":31,"column":4},"end":{"line":34,"column":7}},"21":{"start":{"line":36,"column":4},"end":{"line":38,"column":5}},"22":{"start":{"line":37,"column":6},"end":{"line":37,"column":47}},"23":{"start":{"line":40,"column":4},"end":{"line":54,"column":5}},"24":{"start":{"line":41,"column":21},"end":{"line":41,"column":49}},"25":{"start":{"line":42,"column":6},"end":{"line":47,"column":9}},"26":{"start":{"line":48,"column":6},"end":{"line":48,"column":81}},"27":{"start":{"line":50,"column":20},"end":{"line":50,"column":67}},"28":{"start":{"line":51,"column":6},"end":{"line":51,"column":25}},"29":{"start":{"line":52,"column":6},"end":{"line":52,"column":30}},"30":{"start":{"line":53,"column":6},"end":{"line":53,"column":18}},"31":{"start":{"line":57,"column":2},"end":{"line":90,"column":5}},"32":{"start":{"line":58,"column":24},"end":{"line":67,"column":5}},"33":{"start":{"line":69,"column":4},"end":{"line":89,"column":5}},"34":{"start":{"line":71,"column":21},"end":{"line":71,"column":30}},"35":{"start":{"line":72,"column":25},"end":{"line":72,"column":57}},"36":{"start":{"line":73,"column":6},"end":{"line":76,"column":7}},"37":{"start":{"line":74,"column":8},"end":{"line":74,"column":55}},"38":{"start":{"line":75,"column":8},"end":{"line":75,"column":71}},"39":{"start":{"line":78,"column":6},"end":{"line":78,"column":80}},"40":{"start":{"line":80,"column":27},"end":{"line":80,"column":81}},"41":{"start":{"line":81,"column":6},"end":{"line":81,"column":32}},"42":{"start":{"line":82,"column":6},"end":{"line":87,"column":8}},"43":{"start":{"line":88,"column":6},"end":{"line":88,"column":25}}},"fnMap":{"0":{"name":"(anonymous_0)","decl":{"start":{"line":8,"column":17},"end":{"line":8,"column":18}},"loc":{"start":{"line":8,"column":24},"end":{"line":91,"column":1}},"line":8},"1":{"name":"(anonymous_1)","decl":{"start":{"line":9,"column":40},"end":{"line":9,"column":41}},"loc":{"start":{"line":9,"column":60},"end":{"line":27,"column":3}},"line":9},"2":{"name":"(anonymous_2)","decl":{"start":{"line":29,"column":39},"end":{"line":29,"column":40}},"loc":{"start":{"line":29,"column":59},"end":{"line":55,"column":3}},"line":29},"3":{"name":"(anonymous_3)","decl":{"start":{"line":57,"column":24},"end":{"line":57,"column":25}},"loc":{"start":{"line":57,"column":44},"end":{"line":90,"column":3}},"line":57}},"branchMap":{"0":{"loc":{"start":{"line":36,"column":4},"end":{"line":38,"column":5}},"type":"if","locations":[{"start":{"line":36,"column":4},"end":{"line":38,"column":5}},{"start":{},"end":{}}],"line":36},"1":{"loc":{"start":{"line":62,"column":19},"end":{"line":62,"column":56}},"type":"binary-expr","locations":[{"start":{"line":62,"column":19},"end":{"line":62,"column":39}},{"start":{"line":62,"column":43},"end":{"line":62,"column":56}}],"line":62},"2":{"loc":{"start":{"line":73,"column":6},"end":{"line":76,"column":7}},"type":"if","locations":[{"start":{"line":73,"column":6},"end":{"line":76,"column":7}},{"start":{},"end":{}}],"line":73}},"s":{"0":1,"1":1,"2":1,"3":1,"4":1,"5":1,"6":1,"7":3,"8":0,"9":0,"10":0,"11":0,"12":0,"13":0,"14":0,"15":0,"16":0,"17":0,"18":3,"19":0,"20":0,"21":0,"22":0,"23":0,"24":0,"25":0,"26":0,"27":0,"28":0,"29":0,"30":0,"31":3,"32":3,"33":3,"34":3,"35":3,"36":3,"37":0,"38":0,"39":3,"40":0,"41":0,"42":0,"43":0},"f":{"0":3,"1":0,"2":0,"3":3},"b":{"0":[0,0],"1":[3,0],"2":[0,3]},"_coverageSchema":"1a1c01bbd47fc00a2c39e90264f33305004495a9","hash":"f81f11cd58cd07df7f3f74d75d76f3eaf4d112b3"}
,"/Users/dcoric/Projects/debc/locationtimezone/src/routes/routes.js": {"path":"/Users/dcoric/Projects/debc/locationtimezone/src/routes/routes.js","statementMap":{"0":{"start":{"line":1,"column":0},"end":{"line":5,"column":2}}},"fnMap":{},"branchMap":{},"s":{"0":1},"f":{},"b":{},"_coverageSchema":"1a1c01bbd47fc00a2c39e90264f33305004495a9","hash":"feb6e0772102f956ced52956d76e46dde86b2080"}
}
