TN:
SF:src/app.js
FN:49,(anonymous_0)
FNF:1
FNH:0
FNDA:0,(anonymous_0)
DA:1,0
DA:2,0
DA:3,0
DA:4,0
DA:5,0
DA:6,0
DA:7,0
DA:8,0
DA:9,0
DA:10,0
DA:11,0
DA:15,0
DA:18,0
DA:29,0
DA:32,0
DA:37,0
DA:38,0
DA:39,0
DA:42,0
DA:45,0
DA:46,0
DA:47,0
DA:49,0
DA:50,0
LF:24
LH:0
BRDA:11,0,0,0
BRDA:11,0,1,0
BRDA:19,1,0,0
BRDA:19,1,1,0
BRDA:20,2,0,0
BRDA:20,2,1,0
BRDA:23,3,0,0
BRDA:23,3,1,0
BRDA:33,4,0,0
BRDA:33,4,1,0
BRDA:52,5,0,0
BRDA:52,5,1,0
BRF:12
BRH:0
end_of_record
TN:
SF:src/ip-processing.js
FN:3,(anonymous_0)
FN:4,(anonymous_1)
FN:21,(anonymous_2)
FNF:3
FNH:3
FNDA:11,(anonymous_0)
FNDA:10,(anonymous_1)
FNDA:2,(anonymous_2)
DA:1,2
DA:3,2
DA:4,11
DA:8,10
DA:9,1
DA:11,10
DA:12,10
DA:13,4
DA:15,6
DA:16,1
DA:18,5
DA:21,11
DA:22,2
DA:23,2
DA:24,2
DA:25,2
DA:28,11
LF:17
LH:17
BRDA:8,0,0,1
BRDA:8,0,1,9
BRDA:12,1,0,4
BRDA:12,1,1,6
BRDA:12,2,0,10
BRDA:12,2,1,7
BRDA:15,3,0,1
BRDA:15,3,1,5
BRDA:22,4,0,2
BRDA:22,4,1,1
BRDA:23,5,0,2
BRDA:23,5,1,1
BRF:12
BRH:12
end_of_record
TN:
SF:src/helper/objectManipulation.js
FN:2,(anonymous_0)
FNF:1
FNH:0
FNDA:0,(anonymous_0)
DA:1,1
DA:3,0
DA:4,0
DA:7,0
DA:8,0
DA:11,0
LF:6
LH:1
BRDA:3,0,0,0
BRDA:3,0,1,0
BRDA:7,1,0,0
BRDA:7,1,1,0
BRDA:7,2,0,0
BRDA:7,2,1,0
BRF:6
BRH:0
end_of_record
TN:
SF:src/middleware/errorHandler.js
FN:6,(anonymous_0)
FN:25,(anonymous_1)
FN:64,(anonymous_2)
FN:74,(anonymous_3)
FN:75,(anonymous_4)
FN:83,(anonymous_5)
FN:87,(anonymous_6)
FNF:7
FNH:0
FNDA:0,(anonymous_0)
FNDA:0,(anonymous_1)
FNDA:0,(anonymous_2)
FNDA:0,(anonymous_3)
FNDA:0,(anonymous_4)
FNDA:0,(anonymous_5)
FNDA:0,(anonymous_6)
DA:1,1
DA:6,1
DA:7,0
DA:8,0
DA:10,0
DA:25,1
DA:27,0
DA:30,0
DA:43,0
DA:44,0
DA:46,0
DA:50,0
DA:51,0
DA:53,0
DA:54,0
DA:55,0
DA:58,0
DA:64,1
DA:65,0
DA:66,0
DA:67,0
DA:74,1
DA:75,0
DA:76,0
DA:83,1
DA:84,0
DA:85,0
DA:86,0
DA:87,0
DA:92,0
DA:94,0
DA:97,1
LF:32
LH:7
BRDA:8,0,0,0
BRDA:8,0,1,0
BRDA:8,0,2,0
BRDA:12,1,0,0
BRDA:12,1,1,0
BRDA:13,2,0,0
BRDA:13,2,1,0
BRDA:13,2,2,0
BRDA:27,3,0,0
BRDA:27,3,1,0
BRDA:27,3,2,0
BRDA:35,4,0,0
BRDA:35,4,1,0
BRDA:37,5,0,0
BRDA:37,5,1,0
BRDA:43,6,0,0
BRDA:43,6,1,0
BRDA:53,7,0,0
BRDA:53,7,1,0
BRDA:53,8,0,0
BRDA:53,8,1,0
BRDA:84,9,0,0
BRDA:84,9,1,0
BRF:23
BRH:0
end_of_record
TN:
SF:src/middleware/validation.js
FN:11,(anonymous_0)
FN:35,(anonymous_1)
FNF:2
FNH:2
FNDA:5,(anonymous_0)
FNDA:4,(anonymous_1)
DA:1,2
DA:2,2
DA:5,2
DA:11,2
DA:12,5
DA:14,5
DA:16,5
DA:17,3
DA:18,3
DA:19,3
DA:20,3
DA:22,3
DA:28,3
DA:31,2
DA:35,2
DA:36,4
DA:38,4
DA:40,4
DA:42,4
DA:44,4
DA:45,1
DA:54,4
DA:57,2
LF:23
LH:23
BRDA:16,0,0,3
BRDA:16,0,1,2
BRDA:36,1,0,4
BRDA:36,1,1,1
BRDA:38,2,0,4
BRDA:38,2,1,0
BRDA:44,3,0,1
BRDA:44,3,1,3
BRF:8
BRH:7
end_of_record
TN:
SF:src/routes/root.js
FN:8,(anonymous_0)
FN:9,(anonymous_1)
FN:29,(anonymous_2)
FN:57,(anonymous_3)
FNF:4
FNH:2
FNDA:3,(anonymous_0)
FNDA:0,(anonymous_1)
FNDA:0,(anonymous_2)
FNDA:3,(anonymous_3)
DA:1,1
DA:2,1
DA:3,1
DA:4,1
DA:5,1
DA:6,1
DA:8,1
DA:9,3
DA:10,0
DA:11,0
DA:12,0
DA:13,0
DA:14,0
DA:20,0
DA:22,0
DA:23,0
DA:24,0
DA:25,0
DA:29,3
DA:30,0
DA:31,0
DA:36,0
DA:37,0
DA:40,0
DA:41,0
DA:42,0
DA:48,0
DA:50,0
DA:51,0
DA:52,0
DA:53,0
DA:57,3
DA:58,3
DA:69,3
DA:71,3
DA:72,3
DA:73,3
DA:74,0
DA:75,0
DA:78,3
DA:80,0
DA:81,0
DA:82,0
DA:88,0
LF:44
LH:16
BRDA:36,0,0,0
BRDA:36,0,1,0
BRDA:62,1,0,3
BRDA:62,1,1,0
BRDA:73,2,0,0
BRDA:73,2,1,3
BRF:6
BRH:2
end_of_record
TN:
SF:src/routes/routes.js
FNF:0
FNH:0
DA:1,1
LF:1
LH:1
BRF:0
BRH:0
end_of_record
